This is pdfTeX, Version 3.14159265-2.6-1.40.16 (TeX Live 2015/Debian) (preloaded format=pdflatex 2019.3.25)  27 MAY 2019 17:09
entering extended mode
 restricted \write18 enabled.
 %&-line parsing enabled.
**paper.tex
(./paper.tex
LaTeX2e <2016/02/01>
Babel <3.9q> and hyphenation patterns for 8 language(s) loaded.
(/usr/share/texlive/texmf-dist/tex/latex/elsarticle/elsarticle.cls
Document Class: elsarticle 2009/09/17, 1.2.0: Elsevier Ltd
\@bls=\dimen102
(/usr/share/texlive/texmf-dist/tex/latex/base/article.cls
Document Class: article 2014/09/29 v1.4h Standard LaTeX document class
(/usr/share/texlive/texmf-dist/tex/latex/base/size12.clo
File: size12.clo 2014/09/29 v1.4h Standard LaTeX file (size option)
)
\c@part=\count79
\c@section=\count80
\c@subsection=\count81
\c@subsubsection=\count82
\c@paragraph=\count83
\c@subparagraph=\count84
\c@figure=\count85
\c@table=\count86
\abovecaptionskip=\skip41
\belowcaptionskip=\skip42
\bibindent=\dimen103
)
(/usr/share/texlive/texmf-dist/tex/latex/graphics/graphicx.sty
Package: graphicx 2014/10/28 v1.0g Enhanced LaTeX Graphics (DPC,SPQR)

(/usr/share/texlive/texmf-dist/tex/latex/graphics/keyval.sty
Package: keyval 2014/10/28 v1.15 key=value parser (DPC)
\KV@toks@=\toks14
)
(/usr/share/texlive/texmf-dist/tex/latex/graphics/graphics.sty
Package: graphics 2016/01/03 v1.0q Standard LaTeX Graphics (DPC,SPQR)

(/usr/share/texlive/texmf-dist/tex/latex/graphics/trig.sty
Package: trig 2016/01/03 v1.10 sin cos tan (DPC)
)
(/usr/share/texlive/texmf-dist/tex/latex/latexconfig/graphics.cfg
File: graphics.cfg 2010/04/23 v1.9 graphics configuration of TeX Live
)
Package graphics Info: Driver file: pdftex.def on input line 95.

(/usr/share/texlive/texmf-dist/tex/latex/pdftex-def/pdftex.def
File: pdftex.def 2011/05/27 v0.06d Graphics/color for pdfTeX

(/usr/share/texlive/texmf-dist/tex/generic/oberdiek/infwarerr.sty
Package: infwarerr 2010/04/08 v1.3 Providing info/warning/error messages (HO)
)
(/usr/share/texlive/texmf-dist/tex/generic/oberdiek/ltxcmds.sty
Package: ltxcmds 2011/11/09 v1.22 LaTeX kernel commands for general use (HO)
)
\Gread@gobject=\count87
))
\Gin@req@height=\dimen104
\Gin@req@width=\dimen105
)
(/usr/share/texlive/texmf-dist/tex/latex/psnfss/pifont.sty
Package: pifont 2005/04/12 PSNFSS-v9.2a Pi font support (SPQR) 
LaTeX Font Info:    Try loading font information for U+pzd on input line 63.

(/usr/share/texlive/texmf-dist/tex/latex/psnfss/upzd.fd
File: upzd.fd 2001/06/04 font definitions for U/pzd.
)
LaTeX Font Info:    Try loading font information for U+psy on input line 64.

(/usr/share/texlive/texmf-dist/tex/latex/psnfss/upsy.fd
File: upsy.fd 2001/06/04 font definitions for U/psy.
))
\c@tnote=\count88
\c@fnote=\count89
\c@cnote=\count90
\c@ead=\count91
\c@author=\count92
\@eadauthor=\toks15
\c@affn=\count93
\absbox=\box26
\keybox=\box27
\Columnwidth=\dimen106
\space@left=\dimen107
\els@boxa=\box28
\els@boxb=\box29
\leftMargin=\dimen108
\@enLab=\toks16
\@sep=\skip43
\@@sep=\skip44
 (./paper.spl)
(/usr/share/texlive/texmf-dist/tex/latex/natbib/natbib.sty
Package: natbib 2010/09/13 8.31b (PWD, AO)
\bibhang=\skip45
\bibsep=\skip46
LaTeX Info: Redefining \cite on input line 694.
\c@NAT@ctr=\count94
)
\splwrite=\write3
\openout3 = `paper.spl'.

)
(/usr/share/texlive/texmf-dist/tex/latex/tools/verbatim.sty
Package: verbatim 2014/10/28 v1.5q LaTeX2e package for verbatim enhancements
\every@verbatim=\toks17
\verbatim@line=\toks18
\verbatim@in@stream=\read1
)
(/usr/share/texlive/texmf-dist/tex/latex/graphics/epsfig.sty
Package: epsfig 1999/02/16 v1.7a (e)psfig emulation (SPQR)
\epsfxsize=\dimen109
\epsfysize=\dimen110
)
(/usr/share/texlive/texmf-dist/tex/latex/amsfonts/amssymb.sty
Package: amssymb 2013/01/14 v3.01 AMS font symbols

(/usr/share/texlive/texmf-dist/tex/latex/amsfonts/amsfonts.sty
Package: amsfonts 2013/01/14 v3.01 Basic AMSFonts support
\@emptytoks=\toks19
\symAMSa=\mathgroup4
\symAMSb=\mathgroup5
LaTeX Font Info:    Overwriting math alphabet `\mathfrak' in version `bold'
(Font)                  U/euf/m/n --> U/euf/b/n on input line 106.
))
(/usr/share/texlive/texmf-dist/tex/latex/mathtools/mathtools.sty
Package: mathtools 2015/11/12 v1.18 mathematical typesetting tools

(/usr/share/texlive/texmf-dist/tex/latex/tools/calc.sty
Package: calc 2014/10/28 v4.3 Infix arithmetic (KKT,FJ)
\calc@Acount=\count95
\calc@Bcount=\count96
\calc@Adimen=\dimen111
\calc@Bdimen=\dimen112
\calc@Askip=\skip47
\calc@Bskip=\skip48
LaTeX Info: Redefining \setlength on input line 80.
LaTeX Info: Redefining \addtolength on input line 81.
\calc@Ccount=\count97
\calc@Cskip=\skip49
)
(/usr/share/texlive/texmf-dist/tex/latex/mathtools/mhsetup.sty
Package: mhsetup 2010/01/21 v1.2a programming setup (MH)
)
(/usr/share/texlive/texmf-dist/tex/latex/amsmath/amsmath.sty
Package: amsmath 2016/03/03 v2.15a AMS math features
\@mathmargin=\skip50

For additional information on amsmath, use the `?' option.
(/usr/share/texlive/texmf-dist/tex/latex/amsmath/amstext.sty
Package: amstext 2000/06/29 v2.01 AMS text

(/usr/share/texlive/texmf-dist/tex/latex/amsmath/amsgen.sty
File: amsgen.sty 1999/11/30 v2.0 generic functions
\@emptytoks=\toks20
\ex@=\dimen113
))
(/usr/share/texlive/texmf-dist/tex/latex/amsmath/amsbsy.sty
Package: amsbsy 1999/11/29 v1.2d Bold Symbols
\pmbraise@=\dimen114
)
(/usr/share/texlive/texmf-dist/tex/latex/amsmath/amsopn.sty
Package: amsopn 1999/12/14 v2.01 operator names
)
\inf@bad=\count98
LaTeX Info: Redefining \frac on input line 199.
\uproot@=\count99
\leftroot@=\count100
LaTeX Info: Redefining \overline on input line 297.
\classnum@=\count101
\DOTSCASE@=\count102
LaTeX Info: Redefining \ldots on input line 394.
LaTeX Info: Redefining \dots on input line 397.
LaTeX Info: Redefining \cdots on input line 518.
\Mathstrutbox@=\box30
\strutbox@=\box31
\big@size=\dimen115
LaTeX Font Info:    Redeclaring font encoding OML on input line 630.
LaTeX Font Info:    Redeclaring font encoding OMS on input line 631.
\macc@depth=\count103
\c@MaxMatrixCols=\count104
\dotsspace@=\muskip10
\c@parentequation=\count105
\dspbrk@lvl=\count106
\tag@help=\toks21
\row@=\count107
\column@=\count108
\maxfields@=\count109
\andhelp@=\toks22
\eqnshift@=\dimen116
\alignsep@=\dimen117
\tagshift@=\dimen118
\tagwidth@=\dimen119
\totwidth@=\dimen120
\lineht@=\dimen121
\@envbody=\toks23
\multlinegap=\skip51
\multlinetaggap=\skip52
\mathdisplay@stack=\toks24
LaTeX Info: Redefining \[ on input line 2735.
LaTeX Info: Redefining \] on input line 2736.
)
LaTeX Info: Thecontrolsequence`\('isalreadyrobust on input line 129.
LaTeX Info: Thecontrolsequence`\)'isalreadyrobust on input line 129.
LaTeX Info: Thecontrolsequence`\['isalreadyrobust on input line 129.
LaTeX Info: Thecontrolsequence`\]'isalreadyrobust on input line 129.
\g_MT_multlinerow_int=\count110
\l_MT_multwidth_dim=\dimen122
\origjot=\skip53
\l_MT_shortvdotswithinadjustabove_dim=\dimen123
\l_MT_shortvdotswithinadjustbelow_dim=\dimen124
\l_MT_above_intertext_sep=\dimen125
\l_MT_below_intertext_sep=\dimen126
\l_MT_above_shortintertext_sep=\dimen127
\l_MT_below_shortintertext_sep=\dimen128
)
(/usr/share/texlive/texmf-dist/tex/latex/lineno/lineno.sty
Package: lineno 2005/11/02 line numbers on paragraphs v4.41
\linenopenalty=\count111
\output=\toks25
\linenoprevgraf=\count112
\linenumbersep=\dimen129
\linenumberwidth=\dimen130
\c@linenumber=\count113
\c@pagewiselinenumber=\count114
\c@LN@truepage=\count115
\c@internallinenumber=\count116
\c@internallinenumbers=\count117
\quotelinenumbersep=\dimen131
\bframerule=\dimen132
\bframesep=\dimen133
\bframebox=\box32
LaTeX Info: Redefining \\ on input line 3056.
)
(/usr/share/texlive/texmf-dist/tex/latex/pgf/frontendlayer/tikz.sty
(/usr/share/texlive/texmf-dist/tex/latex/pgf/basiclayer/pgf.sty
(/usr/share/texlive/texmf-dist/tex/latex/pgf/utilities/pgfrcs.sty
(/usr/share/texlive/texmf-dist/tex/generic/pgf/utilities/pgfutil-common.tex
\pgfutil@everybye=\toks26
\pgfutil@tempdima=\dimen134
\pgfutil@tempdimb=\dimen135

(/usr/share/texlive/texmf-dist/tex/generic/pgf/utilities/pgfutil-common-lists.t
ex)) (/usr/share/texlive/texmf-dist/tex/generic/pgf/utilities/pgfutil-latex.def
\pgfutil@abb=\box33
(/usr/share/texlive/texmf-dist/tex/latex/ms/everyshi.sty
Package: everyshi 2001/05/15 v3.00 EveryShipout Package (MS)
))
(/usr/share/texlive/texmf-dist/tex/generic/pgf/utilities/pgfrcs.code.tex
Package: pgfrcs 2015/08/07 v3.0.1a (rcs-revision 1.31)
))
Package: pgf 2015/08/07 v3.0.1a (rcs-revision 1.15)

(/usr/share/texlive/texmf-dist/tex/latex/pgf/basiclayer/pgfcore.sty
(/usr/share/texlive/texmf-dist/tex/latex/pgf/systemlayer/pgfsys.sty
(/usr/share/texlive/texmf-dist/tex/generic/pgf/systemlayer/pgfsys.code.tex
Package: pgfsys 2014/07/09 v3.0.1a (rcs-revision 1.48)

(/usr/share/texlive/texmf-dist/tex/generic/pgf/utilities/pgfkeys.code.tex
\pgfkeys@pathtoks=\toks27
\pgfkeys@temptoks=\toks28

(/usr/share/texlive/texmf-dist/tex/generic/pgf/utilities/pgfkeysfiltered.code.t
ex
\pgfkeys@tmptoks=\toks29
))
\pgf@x=\dimen136
\pgf@y=\dimen137
\pgf@xa=\dimen138
\pgf@ya=\dimen139
\pgf@xb=\dimen140
\pgf@yb=\dimen141
\pgf@xc=\dimen142
\pgf@yc=\dimen143
\w@pgf@writea=\write4
\r@pgf@reada=\read2
\c@pgf@counta=\count118
\c@pgf@countb=\count119
\c@pgf@countc=\count120
\c@pgf@countd=\count121
\t@pgf@toka=\toks30
\t@pgf@tokb=\toks31
\t@pgf@tokc=\toks32
 (/usr/share/texlive/texmf-dist/tex/generic/pgf/systemlayer/pgf.cfg
File: pgf.cfg 2008/05/14  (rcs-revision 1.7)
)
Driver file for pgf: pgfsys-pdftex.def

(/usr/share/texlive/texmf-dist/tex/generic/pgf/systemlayer/pgfsys-pdftex.def
File: pgfsys-pdftex.def 2014/10/11  (rcs-revision 1.35)

(/usr/share/texlive/texmf-dist/tex/generic/pgf/systemlayer/pgfsys-common-pdf.de
f
File: pgfsys-common-pdf.def 2013/10/10  (rcs-revision 1.13)
)))
(/usr/share/texlive/texmf-dist/tex/generic/pgf/systemlayer/pgfsyssoftpath.code.
tex
File: pgfsyssoftpath.code.tex 2013/09/09  (rcs-revision 1.9)
\pgfsyssoftpath@smallbuffer@items=\count122
\pgfsyssoftpath@bigbuffer@items=\count123
)
(/usr/share/texlive/texmf-dist/tex/generic/pgf/systemlayer/pgfsysprotocol.code.
tex
File: pgfsysprotocol.code.tex 2006/10/16  (rcs-revision 1.4)
)) (/usr/share/texlive/texmf-dist/tex/latex/xcolor/xcolor.sty
Package: xcolor 2007/01/21 v2.11 LaTeX color extensions (UK)

(/usr/share/texlive/texmf-dist/tex/latex/latexconfig/color.cfg
File: color.cfg 2007/01/18 v1.5 color configuration of teTeX/TeXLive
)
Package xcolor Info: Driver file: pdftex.def on input line 225.
Package xcolor Info: Model `cmy' substituted by `cmy0' on input line 1337.
Package xcolor Info: Model `hsb' substituted by `rgb' on input line 1341.
Package xcolor Info: Model `RGB' extended on input line 1353.
Package xcolor Info: Model `HTML' substituted by `rgb' on input line 1355.
Package xcolor Info: Model `Hsb' substituted by `hsb' on input line 1356.
Package xcolor Info: Model `tHsb' substituted by `hsb' on input line 1357.
Package xcolor Info: Model `HSB' substituted by `hsb' on input line 1358.
Package xcolor Info: Model `Gray' substituted by `gray' on input line 1359.
Package xcolor Info: Model `wave' substituted by `hsb' on input line 1360.
)
(/usr/share/texlive/texmf-dist/tex/generic/pgf/basiclayer/pgfcore.code.tex
Package: pgfcore 2010/04/11 v3.0.1a (rcs-revision 1.7)

(/usr/share/texlive/texmf-dist/tex/generic/pgf/math/pgfmath.code.tex
(/usr/share/texlive/texmf-dist/tex/generic/pgf/math/pgfmathcalc.code.tex
(/usr/share/texlive/texmf-dist/tex/generic/pgf/math/pgfmathutil.code.tex)
(/usr/share/texlive/texmf-dist/tex/generic/pgf/math/pgfmathparser.code.tex
\pgfmath@dimen=\dimen144
\pgfmath@count=\count124
\pgfmath@box=\box34
\pgfmath@toks=\toks33
\pgfmath@stack@operand=\toks34
\pgfmath@stack@operation=\toks35
)
(/usr/share/texlive/texmf-dist/tex/generic/pgf/math/pgfmathfunctions.code.tex
(/usr/share/texlive/texmf-dist/tex/generic/pgf/math/pgfmathfunctions.basic.code
.tex)
(/usr/share/texlive/texmf-dist/tex/generic/pgf/math/pgfmathfunctions.trigonomet
ric.code.tex)
(/usr/share/texlive/texmf-dist/tex/generic/pgf/math/pgfmathfunctions.random.cod
e.tex)
(/usr/share/texlive/texmf-dist/tex/generic/pgf/math/pgfmathfunctions.comparison
.code.tex)
(/usr/share/texlive/texmf-dist/tex/generic/pgf/math/pgfmathfunctions.base.code.
tex)
(/usr/share/texlive/texmf-dist/tex/generic/pgf/math/pgfmathfunctions.round.code
.tex)
(/usr/share/texlive/texmf-dist/tex/generic/pgf/math/pgfmathfunctions.misc.code.
tex)
(/usr/share/texlive/texmf-dist/tex/generic/pgf/math/pgfmathfunctions.integerari
thmetics.code.tex)))
(/usr/share/texlive/texmf-dist/tex/generic/pgf/math/pgfmathfloat.code.tex
\c@pgfmathroundto@lastzeros=\count125
))
(/usr/share/texlive/texmf-dist/tex/generic/pgf/basiclayer/pgfcorepoints.code.te
x
File: pgfcorepoints.code.tex 2013/10/07  (rcs-revision 1.27)
\pgf@picminx=\dimen145
\pgf@picmaxx=\dimen146
\pgf@picminy=\dimen147
\pgf@picmaxy=\dimen148
\pgf@pathminx=\dimen149
\pgf@pathmaxx=\dimen150
\pgf@pathminy=\dimen151
\pgf@pathmaxy=\dimen152
\pgf@xx=\dimen153
\pgf@xy=\dimen154
\pgf@yx=\dimen155
\pgf@yy=\dimen156
\pgf@zx=\dimen157
\pgf@zy=\dimen158
)
(/usr/share/texlive/texmf-dist/tex/generic/pgf/basiclayer/pgfcorepathconstruct.
code.tex
File: pgfcorepathconstruct.code.tex 2013/10/07  (rcs-revision 1.29)
\pgf@path@lastx=\dimen159
\pgf@path@lasty=\dimen160
)
(/usr/share/texlive/texmf-dist/tex/generic/pgf/basiclayer/pgfcorepathusage.code
.tex
File: pgfcorepathusage.code.tex 2014/11/02  (rcs-revision 1.24)
\pgf@shorten@end@additional=\dimen161
\pgf@shorten@start@additional=\dimen162
)
(/usr/share/texlive/texmf-dist/tex/generic/pgf/basiclayer/pgfcorescopes.code.te
x
File: pgfcorescopes.code.tex 2015/05/08  (rcs-revision 1.46)
\pgfpic=\box35
\pgf@hbox=\box36
\pgf@layerbox@main=\box37
\pgf@picture@serial@count=\count126
)
(/usr/share/texlive/texmf-dist/tex/generic/pgf/basiclayer/pgfcoregraphicstate.c
ode.tex
File: pgfcoregraphicstate.code.tex 2014/11/02  (rcs-revision 1.12)
\pgflinewidth=\dimen163
)
(/usr/share/texlive/texmf-dist/tex/generic/pgf/basiclayer/pgfcoretransformation
s.code.tex
File: pgfcoretransformations.code.tex 2015/08/07  (rcs-revision 1.20)
\pgf@pt@x=\dimen164
\pgf@pt@y=\dimen165
\pgf@pt@temp=\dimen166
)
(/usr/share/texlive/texmf-dist/tex/generic/pgf/basiclayer/pgfcorequick.code.tex
File: pgfcorequick.code.tex 2008/10/09  (rcs-revision 1.3)
)
(/usr/share/texlive/texmf-dist/tex/generic/pgf/basiclayer/pgfcoreobjects.code.t
ex
File: pgfcoreobjects.code.tex 2006/10/11  (rcs-revision 1.2)
)
(/usr/share/texlive/texmf-dist/tex/generic/pgf/basiclayer/pgfcorepathprocessing
.code.tex
File: pgfcorepathprocessing.code.tex 2013/09/09  (rcs-revision 1.9)
)
(/usr/share/texlive/texmf-dist/tex/generic/pgf/basiclayer/pgfcorearrows.code.te
x
File: pgfcorearrows.code.tex 2015/05/14  (rcs-revision 1.43)
\pgfarrowsep=\dimen167
)
(/usr/share/texlive/texmf-dist/tex/generic/pgf/basiclayer/pgfcoreshade.code.tex
File: pgfcoreshade.code.tex 2013/07/15  (rcs-revision 1.15)
\pgf@max=\dimen168
\pgf@sys@shading@range@num=\count127
)
(/usr/share/texlive/texmf-dist/tex/generic/pgf/basiclayer/pgfcoreimage.code.tex
File: pgfcoreimage.code.tex 2013/07/15  (rcs-revision 1.18)

(/usr/share/texlive/texmf-dist/tex/generic/pgf/basiclayer/pgfcoreexternal.code.
tex
File: pgfcoreexternal.code.tex 2014/07/09  (rcs-revision 1.21)
\pgfexternal@startupbox=\box38
))
(/usr/share/texlive/texmf-dist/tex/generic/pgf/basiclayer/pgfcorelayers.code.te
x
File: pgfcorelayers.code.tex 2013/07/18  (rcs-revision 1.7)
)
(/usr/share/texlive/texmf-dist/tex/generic/pgf/basiclayer/pgfcoretransparency.c
ode.tex
File: pgfcoretransparency.code.tex 2013/09/30  (rcs-revision 1.5)
)
(/usr/share/texlive/texmf-dist/tex/generic/pgf/basiclayer/pgfcorepatterns.code.
tex
File: pgfcorepatterns.code.tex 2013/11/07  (rcs-revision 1.5)
)))
(/usr/share/texlive/texmf-dist/tex/generic/pgf/modules/pgfmoduleshapes.code.tex
File: pgfmoduleshapes.code.tex 2014/03/21  (rcs-revision 1.35)
\pgfnodeparttextbox=\box39
) (/usr/share/texlive/texmf-dist/tex/generic/pgf/modules/pgfmoduleplot.code.tex
File: pgfmoduleplot.code.tex 2015/08/03  (rcs-revision 1.13)
)
(/usr/share/texlive/texmf-dist/tex/latex/pgf/compatibility/pgfcomp-version-0-65
.sty
Package: pgfcomp-version-0-65 2007/07/03 v3.0.1a (rcs-revision 1.7)
\pgf@nodesepstart=\dimen169
\pgf@nodesepend=\dimen170
)
(/usr/share/texlive/texmf-dist/tex/latex/pgf/compatibility/pgfcomp-version-1-18
.sty
Package: pgfcomp-version-1-18 2007/07/23 v3.0.1a (rcs-revision 1.1)
)) (/usr/share/texlive/texmf-dist/tex/latex/pgf/utilities/pgffor.sty
(/usr/share/texlive/texmf-dist/tex/latex/pgf/utilities/pgfkeys.sty
(/usr/share/texlive/texmf-dist/tex/generic/pgf/utilities/pgfkeys.code.tex))
(/usr/share/texlive/texmf-dist/tex/latex/pgf/math/pgfmath.sty
(/usr/share/texlive/texmf-dist/tex/generic/pgf/math/pgfmath.code.tex))
(/usr/share/texlive/texmf-dist/tex/generic/pgf/utilities/pgffor.code.tex
Package: pgffor 2013/12/13 v3.0.1a (rcs-revision 1.25)

(/usr/share/texlive/texmf-dist/tex/generic/pgf/math/pgfmath.code.tex)
\pgffor@iter=\dimen171
\pgffor@skip=\dimen172
\pgffor@stack=\toks36
\pgffor@toks=\toks37
))
(/usr/share/texlive/texmf-dist/tex/generic/pgf/frontendlayer/tikz/tikz.code.tex
Package: tikz 2015/08/07 v3.0.1a (rcs-revision 1.151)

(/usr/share/texlive/texmf-dist/tex/generic/pgf/libraries/pgflibraryplothandlers
.code.tex
File: pgflibraryplothandlers.code.tex 2013/08/31 v3.0.1a (rcs-revision 1.20)
\pgf@plot@mark@count=\count128
\pgfplotmarksize=\dimen173
)
\tikz@lastx=\dimen174
\tikz@lasty=\dimen175
\tikz@lastxsaved=\dimen176
\tikz@lastysaved=\dimen177
\tikzleveldistance=\dimen178
\tikzsiblingdistance=\dimen179
\tikz@figbox=\box40
\tikz@figbox@bg=\box41
\tikz@tempbox=\box42
\tikz@tempbox@bg=\box43
\tikztreelevel=\count129
\tikznumberofchildren=\count130
\tikznumberofcurrentchild=\count131
\tikz@fig@count=\count132

(/usr/share/texlive/texmf-dist/tex/generic/pgf/modules/pgfmodulematrix.code.tex
File: pgfmodulematrix.code.tex 2013/09/17  (rcs-revision 1.8)
\pgfmatrixcurrentrow=\count133
\pgfmatrixcurrentcolumn=\count134
\pgf@matrix@numberofcolumns=\count135
)
\tikz@expandcount=\count136

(/usr/share/texlive/texmf-dist/tex/generic/pgf/frontendlayer/tikz/libraries/tik
zlibrarytopaths.code.tex
File: tikzlibrarytopaths.code.tex 2008/06/17 v3.0.1a (rcs-revision 1.2)
)))
(/usr/share/texlive/texmf-dist/tex/latex/etoolbox/etoolbox.sty
Package: etoolbox 2015/08/02 v2.2a e-TeX tools for LaTeX (JAW)
\etb@tempcnta=\count137
)
(/usr/share/texlive/texmf-dist/tex/latex/subfig/subfig.sty
Package: subfig 2005/06/28 ver: 1.3 subfig package

(/usr/share/texlive/texmf-dist/tex/latex/caption/caption3.sty
Package: caption3 2016/02/04 v1.7-139 caption3 kernel (AR)
Package caption3 Info: TeX engine: e-TeX on input line 67.
\captionmargin=\dimen180
\captionmargin@=\dimen181
\captionwidth=\dimen182
\caption@tempdima=\dimen183
\caption@indent=\dimen184
\caption@parindent=\dimen185
\caption@hangindent=\dimen186
)
\c@KVtest=\count138
\sf@farskip=\skip54
\sf@captopadj=\dimen187
\sf@capskip=\skip55
\sf@nearskip=\skip56
\c@subfigure=\count139
\c@subfigure@save=\count140
\c@lofdepth=\count141
\c@subtable=\count142
\c@subtable@save=\count143
\c@lotdepth=\count144
\sf@top=\skip57
\sf@bottom=\skip58
) (./paper.aux)
\openout1 = `paper.aux'.

LaTeX Font Info:    Checking defaults for OML/cmm/m/it on input line 21.
LaTeX Font Info:    ... okay on input line 21.
LaTeX Font Info:    Checking defaults for T1/cmr/m/n on input line 21.
LaTeX Font Info:    ... okay on input line 21.
LaTeX Font Info:    Checking defaults for OT1/cmr/m/n on input line 21.
LaTeX Font Info:    ... okay on input line 21.
LaTeX Font Info:    Checking defaults for OMS/cmsy/m/n on input line 21.
LaTeX Font Info:    ... okay on input line 21.
LaTeX Font Info:    Checking defaults for OMX/cmex/m/n on input line 21.
LaTeX Font Info:    ... okay on input line 21.
LaTeX Font Info:    Checking defaults for U/cmr/m/n on input line 21.
LaTeX Font Info:    ... okay on input line 21.

(/usr/share/texlive/texmf-dist/tex/context/base/supp-pdf.mkii
[Loading MPS to PDF converter (version 2006.09.02).]
\scratchcounter=\count145
\scratchdimen=\dimen188
\scratchbox=\box44
\nofMPsegments=\count146
\nofMParguments=\count147
\everyMPshowfont=\toks38
\MPscratchCnt=\count148
\MPscratchDim=\dimen189
\MPnumerator=\count149
\makeMPintoPDFobject=\count150
\everyMPtoPDFconversion=\toks39
) (/usr/share/texlive/texmf-dist/tex/generic/oberdiek/pdftexcmds.sty
Package: pdftexcmds 2011/11/29 v0.20 Utility functions of pdfTeX for LuaTeX (HO
)

(/usr/share/texlive/texmf-dist/tex/generic/oberdiek/ifluatex.sty
Package: ifluatex 2010/03/01 v1.3 Provides the ifluatex switch (HO)
Package ifluatex Info: LuaTeX not detected.
)
(/usr/share/texlive/texmf-dist/tex/generic/oberdiek/ifpdf.sty
Package: ifpdf 2011/01/30 v2.3 Provides the ifpdf switch (HO)
Package ifpdf Info: pdfTeX in PDF mode is detected.
)
Package pdftexcmds Info: LuaTeX not detected.
Package pdftexcmds Info: \pdf@primitive is available.
Package pdftexcmds Info: \pdf@ifprimitive is available.
Package pdftexcmds Info: \pdfdraftmode found.
)
(/usr/share/texlive/texmf-dist/tex/latex/oberdiek/epstopdf-base.sty
Package: epstopdf-base 2010/02/09 v2.5 Base part for package epstopdf

(/usr/share/texlive/texmf-dist/tex/latex/oberdiek/grfext.sty
Package: grfext 2010/08/19 v1.1 Manage graphics extensions (HO)

(/usr/share/texlive/texmf-dist/tex/generic/oberdiek/kvdefinekeys.sty
Package: kvdefinekeys 2011/04/07 v1.3 Define keys (HO)
))
(/usr/share/texlive/texmf-dist/tex/latex/oberdiek/kvoptions.sty
Package: kvoptions 2011/06/30 v3.11 Key value format for package options (HO)

(/usr/share/texlive/texmf-dist/tex/generic/oberdiek/kvsetkeys.sty
Package: kvsetkeys 2012/04/25 v1.16 Key value parser (HO)

(/usr/share/texlive/texmf-dist/tex/generic/oberdiek/etexcmds.sty
Package: etexcmds 2011/02/16 v1.5 Avoid name clashes with e-TeX commands (HO)
Package etexcmds Info: Could not find \expanded.
(etexcmds)             That can mean that you are not using pdfTeX 1.50 or
(etexcmds)             that some package has redefined \expanded.
(etexcmds)             In the latter case, load this package earlier.
)))
Package grfext Info: Graphics extension search list:
(grfext)             [.png,.pdf,.jpg,.mps,.jpeg,.jbig2,.jb2,.PNG,.PDF,.JPG,.JPE
G,.JBIG2,.JB2,.eps]
(grfext)             \AppendGraphicsExtensions on input line 452.

(/usr/share/texlive/texmf-dist/tex/latex/latexconfig/epstopdf-sys.cfg
File: epstopdf-sys.cfg 2010/07/13 v1.3 Configuration of (r)epstopdf for TeX Liv
e
))
ABD: EveryShipout initializing macros
Package caption Info: Begin \AtBeginDocument code.
Package caption Info: subfig package v1.3 is loaded.
Package caption Info: End \AtBeginDocument code.

Underfull \hbox (badness 10000) in paragraph at lines 41--43

 []

LaTeX Font Info:    Try loading font information for U+msa on input line 59.
(/usr/share/texlive/texmf-dist/tex/latex/amsfonts/umsa.fd
File: umsa.fd 2013/01/14 v3.01 AMS symbols A
)
LaTeX Font Info:    Try loading font information for U+msb on input line 59.

(/usr/share/texlive/texmf-dist/tex/latex/amsfonts/umsb.fd
File: umsb.fd 2013/01/14 v3.01 AMS symbols B
)
Underfull \hbox (badness 10000) in paragraph at lines 67--68

 []

[1


{/var/lib/texmf/fonts/map/pdftex/updmap/pdftex.map}]
Underfull \hbox (badness 10000) in paragraph at lines 69--80

 []


Underfull \hbox (badness 10000) in paragraph at lines 81--86

 []


Underfull \hbox (badness 10000) in paragraph at lines 87--94

 []


Underfull \hbox (badness 10000) in paragraph at lines 95--105

 []

[2]
Underfull \hbox (badness 10000) in paragraph at lines 106--114

 []


Underfull \hbox (badness 10000) in paragraph at lines 122--123

 []


Underfull \hbox (badness 10000) in paragraph at lines 130--131

 []


Underfull \hbox (badness 10000) in paragraph at lines 132--141

 []

[3]
Underfull \hbox (badness 10000) in paragraph at lines 142--153

 []


Underfull \hbox (badness 10000) in paragraph at lines 154--161

 []


Underfull \hbox (badness 10000) in paragraph at lines 162--167

 []


Underfull \hbox (badness 10000) in paragraph at lines 168--174

 []


Underfull \hbox (badness 10000) in paragraph at lines 180--186

 []

[4]
Underfull \hbox (badness 10000) in paragraph at lines 200--207

 []


Underfull \hbox (badness 10000) in paragraph at lines 216--221

 []

[5]
Underfull \hbox (badness 10000) in paragraph at lines 233--239

 []


Underfull \hbox (badness 10000) in paragraph at lines 250--252

 []


Underfull \hbox (badness 10000) in paragraph at lines 257--258

 []

[6]
Underfull \hbox (badness 10000) in paragraph at lines 284--295

 []

Package epstopdf Info: Source file: <./corridor.eps>
(epstopdf)                    date: 2019-05-25 11:38:06
(epstopdf)                    size: 26229 bytes
(epstopdf)             Output file: <./corridor-eps-converted-to.pdf>
(epstopdf)                    date: 2019-05-25 11:38:06
(epstopdf)                    size: 15048 bytes
(epstopdf)             Command: <repstopdf --outfile=./corridor-eps-converted-t
o.pdf ./corridor.eps>
(epstopdf)             \includegraphics on input line 299.
Package epstopdf Info: Output file is already uptodate.


pdfTeX warning: pdflatex (file ./corridor-eps-converted-to.pdf): PDF inclusion:
 found PDF version <1.7>, but at most version <1.5> allowed
<./corridor-eps-converted-to.pdf, id=36, 796.9775pt x 597.23125pt>
File: ./corridor-eps-converted-to.pdf Graphic file (type pdf)

<use ./corridor-eps-converted-to.pdf>
Package pdftex.def Info: ./corridor-eps-converted-to.pdf used on input line 299
.
(pdftex.def)             Requested size: 272.99881pt x 204.5778pt.
 [7] [8 <./corridor-eps-converted-to.pdf>]
Underfull \hbox (badness 10000) in paragraph at lines 316--324

 []


Underfull \hbox (badness 10000) in paragraph at lines 327--341

 []


Underfull \hbox (badness 10000) in paragraph at lines 342--348

 []


Underfull \hbox (badness 10000) in paragraph at lines 349--360

 []

[9]
Underfull \hbox (badness 10000) in paragraph at lines 361--366

 []


Underfull \hbox (badness 10000) in paragraph at lines 369--375

 []


Underfull \hbox (badness 10000) in paragraph at lines 376--380

 []

Missing character: There is no ‚ in font cmr12!
Missing character: There is no Ä in font cmr12!
Missing character: There is no ô in font cmr12!
Missing character: There is no ‚ in font cmr12!
Missing character: There is no Ä in font cmr12!
Missing character: There is no ô in font cmr12!

Underfull \hbox (badness 10000) in paragraph at lines 381--391

 []


Underfull \hbox (badness 10000) in paragraph at lines 397--402

 []

[10]
Underfull \hbox (badness 10000) in paragraph at lines 403--414

 []


Underfull \hbox (badness 10000) in paragraph at lines 415--427

 []


Underfull \hbox (badness 10000) in paragraph at lines 428--440

 []


Underfull \hbox (badness 10000) in paragraph at lines 441--450

 []

[11]
Overfull \hbox (7.86392pt too wide) in paragraph at lines 452--460
[]\OT1/cmr/m/n/12 Our in-ves-ti-ga-tion ap-pears some-what re-stricted to the (
al-most) uni-direction
 []


Underfull \hbox (badness 10000) in paragraph at lines 468--469

 []


Underfull \hbox (badness 10000) in paragraph at lines 470--471

 []

[12]
Underfull \hbox (badness 10000) in paragraph at lines 479--480

 []


Underfull \hbox (badness 10000) in paragraph at lines 481--482

 []


Underfull \hbox (badness 10000) in paragraph at lines 493--497

 []


Underfull \hbox (badness 10000) in paragraph at lines 498--499

 []

Package epstopdf Info: Source file: <./flow-density_vd1_multiple_widths.eps>
(epstopdf)                    date: 2019-05-25 11:38:06
(epstopdf)                    size: 256340 bytes
(epstopdf)             Output file: <./flow-density_vd1_multiple_widths-eps-con
verted-to.pdf>
(epstopdf)                    date: 2019-05-25 11:38:06
(epstopdf)                    size: 22121 bytes
(epstopdf)             Command: <repstopdf --outfile=./flow-density_vd1_multipl
e_widths-eps-converted-to.pdf ./flow-density_vd1_multiple_widths.eps>
(epstopdf)             \includegraphics on input line 503.
Package epstopdf Info: Output file is already uptodate.


pdfTeX warning: pdflatex (file ./flow-density_vd1_multiple_widths-eps-converted
-to.pdf): PDF inclusion: found PDF version <1.7>, but at most version <1.5> all
owed

<./flow-density_vd1_multiple_widths-eps-converted-to.pdf, id=60, 230.8625pt x 1
61.60374pt>
File: ./flow-density_vd1_multiple_widths-eps-converted-to.pdf Graphic file (typ
e pdf)
 <use ./flow-density_vd1_multiple_widths-eps-converted-to.pdf>
Package pdftex.def Info: ./flow-density_vd1_multiple_widths-eps-converted-to.pd
f used on input line 503.
(pdftex.def)             Requested size: 272.99881pt x 191.11243pt.

Underfull \hbox (badness 10000) in paragraph at lines 511--512

 []

[13]
Underfull \hbox (badness 10000) in paragraph at lines 513--514

 []

Package epstopdf Info: Source file: <./speed-density_vd1_multiple_widths.eps>
(epstopdf)                    date: 2019-05-25 11:38:06
(epstopdf)                    size: 258183 bytes
(epstopdf)             Output file: <./speed-density_vd1_multiple_widths-eps-co
nverted-to.pdf>
(epstopdf)                    date: 2019-05-25 11:38:06
(epstopdf)                    size: 22501 bytes
(epstopdf)             Command: <repstopdf --outfile=./speed-density_vd1_multip
le_widths-eps-converted-to.pdf ./speed-density_vd1_multiple_widths.eps>
(epstopdf)             \includegraphics on input line 518.
Package epstopdf Info: Output file is already uptodate.


pdfTeX warning: pdflatex (file ./speed-density_vd1_multiple_widths-eps-converte
d-to.pdf): PDF inclusion: found PDF version <1.7>, but at most version <1.5> al
lowed

<./speed-density_vd1_multiple_widths-eps-converted-to.pdf, id=66, 216.81pt x 15
1.56625pt>
File: ./speed-density_vd1_multiple_widths-eps-converted-to.pdf Graphic file (ty
pe pdf)
 <use ./speed-density_vd1_multiple_widths-eps-converted-to.pdf>
Package pdftex.def Info: ./speed-density_vd1_multiple_widths-eps-converted-to.p
df used on input line 518.
(pdftex.def)             Requested size: 272.99881pt x 190.87039pt.

[14 <./flow-density_vd1_multiple_widths-eps-converted-to.pdf>]
Underfull \hbox (badness 10000) in paragraph at lines 533--534

 []


Underfull \hbox (badness 10000) in paragraph at lines 535--536

 []

[15 <./speed-density_vd1_multiple_widths-eps-converted-to.pdf>]
Underfull \hbox (badness 10000) in paragraph at lines 537--538

 []

Package epstopdf Info: Source file: <./v_y_multi_width_normaliz.eps>
(epstopdf)                    date: 2019-05-25 11:38:06
(epstopdf)                    size: 221248 bytes
(epstopdf)             Output file: <./v_y_multi_width_normaliz-eps-converted-t
o.pdf>
(epstopdf)                    date: 2019-05-25 11:38:06
(epstopdf)                    size: 15564 bytes
(epstopdf)             Command: <repstopdf --outfile=./v_y_multi_width_normaliz
-eps-converted-to.pdf ./v_y_multi_width_normaliz.eps>
(epstopdf)             \includegraphics on input line 542.
Package epstopdf Info: Output file is already uptodate.


pdfTeX warning: pdflatex (file ./v_y_multi_width_normaliz-eps-converted-to.pdf)
: PDF inclusion: found PDF version <1.7>, but at most version <1.5> allowed

<./v_y_multi_width_normaliz-eps-converted-to.pdf, id=117, 217.81375pt x 147.551
25pt>
File: ./v_y_multi_width_normaliz-eps-converted-to.pdf Graphic file (type pdf)
 <use ./v_y_multi_width_normaliz-eps-converted-to.pdf>
Package pdftex.def Info: ./v_y_multi_width_normaliz-eps-converted-to.pdf used o
n input line 542.
(pdftex.def)             Requested size: 272.99881pt x 184.9339pt.

Underfull \hbox (badness 10000) in paragraph at lines 546--547

 []

[16 <./v_y_multi_width_normaliz-eps-converted-to.pdf>]
Underfull \hbox (badness 10000) in paragraph at lines 548--549

 []


Underfull \hbox (badness 10000) in paragraph at lines 559--560

 []


Underfull \hbox (badness 10000) in paragraph at lines 561--562

 []

[17]
Underfull \hbox (badness 10000) in paragraph at lines 563--564

 []

Package epstopdf Info: Source file: <./abswg_width10.eps>
(epstopdf)                    date: 2019-05-25 11:38:06
(epstopdf)                    size: 321988 bytes
(epstopdf)             Output file: <./abswg_width10-eps-converted-to.pdf>
(epstopdf)                    date: 2019-05-25 11:38:06
(epstopdf)                    size: 36070 bytes
(epstopdf)             Command: <repstopdf --outfile=./abswg_width10-eps-conver
ted-to.pdf ./abswg_width10.eps>
(epstopdf)             \includegraphics on input line 567.
Package epstopdf Info: Output file is already uptodate.


pdfTeX warning: pdflatex (file ./abswg_width10-eps-converted-to.pdf): PDF inclu
sion: found PDF version <1.7>, but at most version <1.5> allowed
<./abswg_width10-eps-converted-to.pdf, id=140, 220.825pt x 161.60374pt>
File: ./abswg_width10-eps-converted-to.pdf Graphic file (type pdf)

<use ./abswg_width10-eps-converted-to.pdf>
Package pdftex.def Info: ./abswg_width10-eps-converted-to.pdf used on input lin
e 567.
(pdftex.def)             Requested size: 195.0pt x 142.70984pt.
Package epstopdf Info: Source file: <./abswg_width15.eps>
(epstopdf)                    date: 2019-05-25 11:38:06
(epstopdf)                    size: 415664 bytes
(epstopdf)             Output file: <./abswg_width15-eps-converted-to.pdf>
(epstopdf)                    date: 2019-05-25 11:38:06
(epstopdf)                    size: 56549 bytes
(epstopdf)             Command: <repstopdf --outfile=./abswg_width15-eps-conver
ted-to.pdf ./abswg_width15.eps>
(epstopdf)             \includegraphics on input line 568.
Package epstopdf Info: Output file is already uptodate.


pdfTeX warning: pdflatex (file ./abswg_width15-eps-converted-to.pdf): PDF inclu
sion: found PDF version <1.7>, but at most version <1.5> allowed
<./abswg_width15-eps-converted-to.pdf, id=141, 220.825pt x 161.60374pt>
File: ./abswg_width15-eps-converted-to.pdf Graphic file (type pdf)

<use ./abswg_width15-eps-converted-to.pdf>
Package pdftex.def Info: ./abswg_width15-eps-converted-to.pdf used on input lin
e 568.
(pdftex.def)             Requested size: 195.0pt x 142.70984pt.
Package epstopdf Info: Source file: <./abswg_width22.eps>
(epstopdf)                    date: 2019-05-25 11:38:06
(epstopdf)                    size: 559603 bytes
(epstopdf)             Output file: <./abswg_width22-eps-converted-to.pdf>
(epstopdf)                    date: 2019-05-25 11:38:06
(epstopdf)                    size: 87812 bytes
(epstopdf)             Command: <repstopdf --outfile=./abswg_width22-eps-conver
ted-to.pdf ./abswg_width22.eps>
(epstopdf)             \includegraphics on input line 569.
Package epstopdf Info: Output file is already uptodate.


pdfTeX warning: pdflatex (file ./abswg_width22-eps-converted-to.pdf): PDF inclu
sion: found PDF version <1.7>, but at most version <1.5> allowed
<./abswg_width22-eps-converted-to.pdf, id=142, 220.825pt x 159.59625pt>
File: ./abswg_width22-eps-converted-to.pdf Graphic file (type pdf)

<use ./abswg_width22-eps-converted-to.pdf>
Package pdftex.def Info: ./abswg_width22-eps-converted-to.pdf used on input lin
e 569.
(pdftex.def)             Requested size: 195.0pt x 140.93703pt.


LaTeX Warning: Float too large for page by 27.74559pt on input line 572.


Underfull \hbox (badness 10000) in paragraph at lines 601--604

 []


Underfull \hbox (badness 10000) in paragraph at lines 619--621

 []

[18] [19 <./abswg_width10-eps-converted-to.pdf> <./abswg_width15-eps-converted-
to.pdf> <./abswg_width22-eps-converted-to.pdf>]
Underfull \hbox (badness 10000) in paragraph at lines 622--626

 []


Underfull \hbox (badness 10000) in paragraph at lines 630--631

 []


Underfull \hbox (badness 10000) in paragraph at lines 632--638

 []


Underfull \hbox (badness 10000) in paragraph at lines 639--646

 []

Package epstopdf Info: Source file: <./pasillo.eps>
(epstopdf)                    date: 2019-05-25 11:38:06
(epstopdf)                    size: 15746 bytes
(epstopdf)             Output file: <./pasillo-eps-converted-to.pdf>
(epstopdf)                    date: 2019-05-25 11:38:06
(epstopdf)                    size: 10945 bytes
(epstopdf)             Command: <repstopdf --outfile=./pasillo-eps-converted-to
.pdf ./pasillo.eps>
(epstopdf)             \includegraphics on input line 663.
Package epstopdf Info: Output file is already uptodate.


pdfTeX warning: pdflatex (file ./pasillo-eps-converted-to.pdf): PDF inclusion: 
found PDF version <1.7>, but at most version <1.5> allowed
<./pasillo-eps-converted-to.pdf, id=197, 466.74374pt x 230.8625pt>
File: ./pasillo-eps-converted-to.pdf Graphic file (type pdf)

<use ./pasillo-eps-converted-to.pdf>
Package pdftex.def Info: ./pasillo-eps-converted-to.pdf used on input line 663.

(pdftex.def)             Requested size: 272.99881pt x 135.03815pt.

Underfull \hbox (badness 10000) in paragraph at lines 676--685

 []

[20]
Underfull \hbox (badness 10000) in paragraph at lines 699--701

 []

[21 <./pasillo-eps-converted-to.pdf>]
Underfull \hbox (badness 10000) in paragraph at lines 715--720

 []


Underfull \hbox (badness 10000) in paragraph at lines 721--727

 []

Package epstopdf Info: Source file: <./fig_velocity_model.eps>
(epstopdf)                    date: 2019-05-25 11:38:06
(epstopdf)                    size: 199744 bytes
(epstopdf)             Output file: <./fig_velocity_model-eps-converted-to.pdf>

(epstopdf)                    date: 2019-05-25 11:38:06
(epstopdf)                    size: 12723 bytes
(epstopdf)             Command: <repstopdf --outfile=./fig_velocity_model-eps-c
onverted-to.pdf ./fig_velocity_model.eps>
(epstopdf)             \includegraphics on input line 732.
Package epstopdf Info: Output file is already uptodate.


pdfTeX warning: pdflatex (file ./fig_velocity_model-eps-converted-to.pdf): PDF 
inclusion: found PDF version <1.7>, but at most version <1.5> allowed
<./fig_velocity_model-eps-converted-to.pdf, id=207, 217.81375pt x 146.5475pt>
File: ./fig_velocity_model-eps-converted-to.pdf Graphic file (type pdf)

<use ./fig_velocity_model-eps-converted-to.pdf>
Package pdftex.def Info: ./fig_velocity_model-eps-converted-to.pdf used on inpu
t line 732.
(pdftex.def)             Requested size: 272.99881pt x 183.67584pt.

Underfull \hbox (badness 10000) in paragraph at lines 738--743

 []

[22 <./fig_velocity_model-eps-converted-to.pdf>]
Underfull \hbox (badness 10000) in paragraph at lines 756--762

 []

Package epstopdf Info: Source file: <./fig_flux_model.eps>
(epstopdf)                    date: 2019-05-25 11:38:06
(epstopdf)                    size: 189926 bytes
(epstopdf)             Output file: <./fig_flux_model-eps-converted-to.pdf>
(epstopdf)                    date: 2019-05-25 11:38:06
(epstopdf)                    size: 9905 bytes
(epstopdf)             Command: <repstopdf --outfile=./fig_flux_model-eps-conve
rted-to.pdf ./fig_flux_model.eps>
(epstopdf)             \includegraphics on input line 767.
Package epstopdf Info: Output file is already uptodate.


pdfTeX warning: pdflatex (file ./fig_flux_model-eps-converted-to.pdf): PDF incl
usion: found PDF version <1.7>, but at most version <1.5> allowed
<./fig_flux_model-eps-converted-to.pdf, id=231, 207.77625pt x 150.5625pt>
File: ./fig_flux_model-eps-converted-to.pdf Graphic file (type pdf)

<use ./fig_flux_model-eps-converted-to.pdf>
Package pdftex.def Info: ./fig_flux_model-eps-converted-to.pdf used on input li
ne 767.
(pdftex.def)             Requested size: 272.99881pt x 197.84941pt.
 [23 <./fig_flux_model-eps-converted-to.pdf>]
Underfull \hbox (badness 10000) in paragraph at lines 792--801

 []


Underfull \hbox (badness 10000) in paragraph at lines 802--803

 []


Underfull \hbox (badness 10000) in paragraph at lines 804--805

 []


Underfull \hbox (badness 10000) in paragraph at lines 806--807

 []


Underfull \hbox (badness 10000) in paragraph at lines 808--809

 []

[24]
Underfull \hbox (badness 10000) in paragraph at lines 810--811

 []


Underfull \hbox (badness 10000) in paragraph at lines 812--813

 []


Underfull \hbox (badness 10000) in paragraph at lines 814--815

 []


Underfull \hbox (badness 10000) in paragraph at lines 816--817

 []

[25]
Underfull \hbox (badness 10000) in paragraph at lines 818--820

 []

Package epstopdf Info: Source file: <./flow-density_pasillo22m_fgmodified_multi
.eps>
(epstopdf)                    date: 2019-05-25 11:38:06
(epstopdf)                    size: 223632 bytes
(epstopdf)             Output file: <./flow-density_pasillo22m_fgmodified_multi
-eps-converted-to.pdf>
(epstopdf)                    date: 2019-05-25 11:38:06
(epstopdf)                    size: 16952 bytes
(epstopdf)             Command: <repstopdf --outfile=./flow-density_pasillo22m_
fgmodified_multi-eps-converted-to.pdf ./flow-density_pasillo22m_fgmodified_mult
i.eps>
(epstopdf)             \includegraphics on input line 825.
Package epstopdf Info: Output file is already uptodate.


pdfTeX warning: pdflatex (file ./flow-density_pasillo22m_fgmodified_multi-eps-c
onverted-to.pdf): PDF inclusion: found PDF version <1.7>, but at most version <
1.5> allowed

<./flow-density_pasillo22m_fgmodified_multi-eps-converted-to.pdf, id=254, 205.7
6875pt x 151.56625pt>
File: ./flow-density_pasillo22m_fgmodified_multi-eps-converted-to.pdf Graphic f
ile (type pdf)

<use ./flow-density_pasillo22m_fgmodified_multi-eps-converted-to.pdf>
Package pdftex.def Info: ./flow-density_pasillo22m_fgmodified_multi-eps-convert
ed-to.pdf used on input line 825.
(pdftex.def)             Requested size: 272.99881pt x 201.10414pt.

Underfull \hbox (badness 10000) in paragraph at lines 829--830

 []

[26 <./flow-density_pasillo22m_fgmodified_multi-eps-converted-to.pdf>]
Missing character: There is no ‚ in font cmr12!
Missing character: There is no Ä in font cmr12!
Missing character: There is no ú in font cmr12!
Missing character: There is no ‚ in font cmr12!
Missing character: There is no Ä in font cmr12!
Missing character: There is no ù in font cmr12!

Underfull \hbox (badness 10000) in paragraph at lines 833--840

 []


Underfull \hbox (badness 10000) in paragraph at lines 841--850

 []


Underfull \hbox (badness 10000) in paragraph at lines 851--857

 []

Package epstopdf Info: Source file: <./size_distribution_w22_density4_5.eps>
(epstopdf)                    date: 2019-05-25 11:38:06
(epstopdf)                    size: 218690 bytes
(epstopdf)             Output file: <./size_distribution_w22_density4_5-eps-con
verted-to.pdf>
(epstopdf)                    date: 2019-05-25 11:38:06
(epstopdf)                    size: 14651 bytes
(epstopdf)             Command: <repstopdf --outfile=./size_distribution_w22_de
nsity4_5-eps-converted-to.pdf ./size_distribution_w22_density4_5.eps>
(epstopdf)             \includegraphics on input line 860.
Package epstopdf Info: Output file is already uptodate.


pdfTeX warning: pdflatex (file ./size_distribution_w22_density4_5-eps-converted
-to.pdf): PDF inclusion: found PDF version <1.7>, but at most version <1.5> all
owed

<./size_distribution_w22_density4_5-eps-converted-to.pdf, id=274, 241.90375pt x
 174.6525pt>
File: ./size_distribution_w22_density4_5-eps-converted-to.pdf Graphic file (typ
e pdf)
 <use ./size_distribution_w22_density4_5-eps-converted-to.pdf>
Package pdftex.def Info: ./size_distribution_w22_density4_5-eps-converted-to.pd
f used on input line 860.
(pdftex.def)             Requested size: 155.99762pt x 112.63268pt.
Package epstopdf Info: Source file: <./size_distribution_w22_density4_5_kx10.ep
s>
(epstopdf)                    date: 2019-05-25 11:38:06
(epstopdf)                    size: 227292 bytes
(epstopdf)             Output file: <./size_distribution_w22_density4_5_kx10-ep
s-converted-to.pdf>
(epstopdf)                    date: 2019-05-25 11:38:06
(epstopdf)                    size: 15389 bytes
(epstopdf)             Command: <repstopdf --outfile=./size_distribution_w22_de
nsity4_5_kx10-eps-converted-to.pdf ./size_distribution_w22_density4_5_kx10.eps>

(epstopdf)             \includegraphics on input line 861.
Package epstopdf Info: Output file is already uptodate.


pdfTeX warning: pdflatex (file ./size_distribution_w22_density4_5_kx10-eps-conv
erted-to.pdf): PDF inclusion: found PDF version <1.7>, but at most version <1.5
> allowed

<./size_distribution_w22_density4_5_kx10-eps-converted-to.pdf, id=275, 241.9037
5pt x 174.6525pt>
File: ./size_distribution_w22_density4_5_kx10-eps-converted-to.pdf Graphic file
 (type pdf)

<use ./size_distribution_w22_density4_5_kx10-eps-converted-to.pdf>
Package pdftex.def Info: ./size_distribution_w22_density4_5_kx10-eps-converted-
to.pdf used on input line 861.
(pdftex.def)             Requested size: 155.99762pt x 112.63268pt.
Package epstopdf Info: Source file: <./size_distribution_w22_density5.eps>
(epstopdf)                    date: 2019-05-25 11:38:06
(epstopdf)                    size: 219144 bytes
(epstopdf)             Output file: <./size_distribution_w22_density5-eps-conve
rted-to.pdf>
(epstopdf)                    date: 2019-05-25 11:38:06
(epstopdf)                    size: 14649 bytes
(epstopdf)             Command: <repstopdf --outfile=./size_distribution_w22_de
nsity5-eps-converted-to.pdf ./size_distribution_w22_density5.eps>
(epstopdf)             \includegraphics on input line 862.
Package epstopdf Info: Output file is already uptodate.


pdfTeX warning: pdflatex (file ./size_distribution_w22_density5-eps-converted-t
o.pdf): PDF inclusion: found PDF version <1.7>, but at most version <1.5> allow
ed

<./size_distribution_w22_density5-eps-converted-to.pdf, id=276, 248.93pt x 174.
6525pt>
File: ./size_distribution_w22_density5-eps-converted-to.pdf Graphic file (type 
pdf)
 <use ./size_distribution_w22_density5-eps-converted-to.pdf>
Package pdftex.def Info: ./size_distribution_w22_density5-eps-converted-to.pdf 
used on input line 862.
(pdftex.def)             Requested size: 155.99762pt x 109.45068pt.
Package epstopdf Info: Source file: <./size_distribution_w22_density5_kx10.eps>

(epstopdf)                    date: 2019-05-25 11:38:06
(epstopdf)                    size: 218554 bytes
(epstopdf)             Output file: <./size_distribution_w22_density5_kx10-eps-
converted-to.pdf>
(epstopdf)                    date: 2019-05-25 11:38:06
(epstopdf)                    size: 14510 bytes
(epstopdf)             Command: <repstopdf --outfile=./size_distribution_w22_de
nsity5_kx10-eps-converted-to.pdf ./size_distribution_w22_density5_kx10.eps>
(epstopdf)             \includegraphics on input line 863.
Package epstopdf Info: Output file is already uptodate.


pdfTeX warning: pdflatex (file ./size_distribution_w22_density5_kx10-eps-conver
ted-to.pdf): PDF inclusion: found PDF version <1.7>, but at most version <1.5> 
allowed

<./size_distribution_w22_density5_kx10-eps-converted-to.pdf, id=277, 248.93pt x
 174.6525pt>
File: ./size_distribution_w22_density5_kx10-eps-converted-to.pdf Graphic file (
type pdf)
 <use ./size_distribution_w22_density5_kx10-eps-converted-to.pdf>
Package pdftex.def Info: ./size_distribution_w22_density5_kx10-eps-converted-to
.pdf used on input line 863.
(pdftex.def)             Requested size: 155.99762pt x 109.45068pt.
Package epstopdf Info: Source file: <./size_distribution_w22_density5_5.eps>
(epstopdf)                    date: 2019-05-25 11:38:06
(epstopdf)                    size: 218464 bytes
(epstopdf)             Output file: <./size_distribution_w22_density5_5-eps-con
verted-to.pdf>
(epstopdf)                    date: 2019-05-25 11:38:06
(epstopdf)                    size: 14506 bytes
(epstopdf)             Command: <repstopdf --outfile=./size_distribution_w22_de
nsity5_5-eps-converted-to.pdf ./size_distribution_w22_density5_5.eps>
(epstopdf)             \includegraphics on input line 864.
Package epstopdf Info: Output file is already uptodate.


pdfTeX warning: pdflatex (file ./size_distribution_w22_density5_5-eps-converted
-to.pdf): PDF inclusion: found PDF version <1.7>, but at most version <1.5> all
owed

<./size_distribution_w22_density5_5-eps-converted-to.pdf, id=278, 233.87375pt x
 174.6525pt>
File: ./size_distribution_w22_density5_5-eps-converted-to.pdf Graphic file (typ
e pdf)
 <use ./size_distribution_w22_density5_5-eps-converted-to.pdf>
Package pdftex.def Info: ./size_distribution_w22_density5_5-eps-converted-to.pd
f used on input line 864.
(pdftex.def)             Requested size: 155.99762pt x 116.50221pt.
Package epstopdf Info: Source file: <./size_distribution_w22_density5_5_kx10.ep
s>
(epstopdf)                    date: 2019-05-25 11:38:06
(epstopdf)                    size: 218099 bytes
(epstopdf)             Output file: <./size_distribution_w22_density5_5_kx10-ep
s-converted-to.pdf>
(epstopdf)                    date: 2019-05-25 11:38:06
(epstopdf)                    size: 14434 bytes
(epstopdf)             Command: <repstopdf --outfile=./size_distribution_w22_de
nsity5_5_kx10-eps-converted-to.pdf ./size_distribution_w22_density5_5_kx10.eps>

(epstopdf)             \includegraphics on input line 865.
Package epstopdf Info: Output file is already uptodate.


pdfTeX warning: pdflatex (file ./size_distribution_w22_density5_5_kx10-eps-conv
erted-to.pdf): PDF inclusion: found PDF version <1.7>, but at most version <1.5
> allowed

<./size_distribution_w22_density5_5_kx10-eps-converted-to.pdf, id=279, 233.8737
5pt x 174.6525pt>
File: ./size_distribution_w22_density5_5_kx10-eps-converted-to.pdf Graphic file
 (type pdf)

<use ./size_distribution_w22_density5_5_kx10-eps-converted-to.pdf>
Package pdftex.def Info: ./size_distribution_w22_density5_5_kx10-eps-converted-
to.pdf used on input line 865.
(pdftex.def)             Requested size: 155.99762pt x 116.50221pt.

Underfull \hbox (badness 10000) in paragraph at lines 870--872

 []

[27] [28 <./size_distribution_w22_density4_5-eps-converted-to.pdf> <./size_dist
ribution_w22_density4_5_kx10-eps-converted-to.pdf> <./size_distribution_w22_den
sity5-eps-converted-to.pdf> <./size_distribution_w22_density5_kx10-eps-converte
d-to.pdf> <./size_distribution_w22_density5_5-eps-converted-to.pdf> <./size_dis
tribution_w22_density5_5_kx10-eps-converted-to.pdf>]
Underfull \hbox (badness 10000) in paragraph at lines 873--875

 []

Package epstopdf Info: Source file: <./fracc_clusteriz_vs_density.eps>
(epstopdf)                    date: 2019-05-25 11:38:06
(epstopdf)                    size: 246670 bytes
(epstopdf)             Output file: <./fracc_clusteriz_vs_density-eps-converted
-to.pdf>
(epstopdf)                    date: 2019-05-25 11:38:06
(epstopdf)                    size: 21629 bytes
(epstopdf)             Command: <repstopdf --outfile=./fracc_clusteriz_vs_densi
ty-eps-converted-to.pdf ./fracc_clusteriz_vs_density.eps>
(epstopdf)             \includegraphics on input line 880.
Package epstopdf Info: Output file is already uptodate.


pdfTeX warning: pdflatex (file ./fracc_clusteriz_vs_density-eps-converted-to.pd
f): PDF inclusion: found PDF version <1.7>, but at most version <1.5> allowed

<./fracc_clusteriz_vs_density-eps-converted-to.pdf, id=389, 210.7875pt x 149.55
875pt>
File: ./fracc_clusteriz_vs_density-eps-converted-to.pdf Graphic file (type pdf)

 <use ./fracc_clusteriz_vs_density-eps-converted-to.pdf>
Package pdftex.def Info: ./fracc_clusteriz_vs_density-eps-converted-to.pdf used
 on input line 880.
(pdftex.def)             Requested size: 272.99881pt x 193.70293pt.

Underfull \hbox (badness 10000) in paragraph at lines 884--894

 []


Underfull \hbox (badness 10000) in paragraph at lines 897--912

 []

[29] [30 <./fracc_clusteriz_vs_density-eps-converted-to.pdf>]
Underfull \hbox (badness 10000) in paragraph at lines 913--921

 []


Underfull \hbox (badness 10000) in paragraph at lines 922--932

 []


Underfull \hbox (badness 10000) in paragraph at lines 933--938

 []


Underfull \hbox (badness 10000) in paragraph at lines 939--945

 []

[31]
Overfull \hbox (0.77048pt too wide) in paragraph at lines 947--956
\OT1/cmr/m/n/12 a dif-fer-ent co-ef-fi-cient than the pedestrian-pedestrian fri
c-tion in-ter-ac-tion. This
 []


Underfull \hbox (badness 10000) in paragraph at lines 947--956

 []


Underfull \hbox (badness 10000) in paragraph at lines 970--971

 []


Underfull \hbox (badness 10000) in paragraph at lines 972--973

 []


Underfull \hbox (badness 10000) in paragraph at lines 974--975

 []

[32]
Package epstopdf Info: Source file: <./fis_kx10.eps>
(epstopdf)                    date: 2019-05-25 11:38:06
(epstopdf)                    size: 243464 bytes
(epstopdf)             Output file: <./fis_kx10-eps-converted-to.pdf>
(epstopdf)                    date: 2019-05-25 11:38:06
(epstopdf)                    size: 20983 bytes
(epstopdf)             Command: <repstopdf --outfile=./fis_kx10-eps-converted-t
o.pdf ./fis_kx10.eps>
(epstopdf)             \includegraphics on input line 979.
Package epstopdf Info: Output file is already uptodate.


pdfTeX warning: pdflatex (file ./fis_kx10-eps-converted-to.pdf): PDF inclusion:
 found PDF version <1.7>, but at most version <1.5> allowed
<./fis_kx10-eps-converted-to.pdf, id=422, 214.8025pt x 147.55125pt>
File: ./fis_kx10-eps-converted-to.pdf Graphic file (type pdf)

<use ./fis_kx10-eps-converted-to.pdf>
Package pdftex.def Info: ./fis_kx10-eps-converted-to.pdf used on input line 979
.
(pdftex.def)             Requested size: 272.99881pt x 187.54333pt.
Missing character: There is no ‚ in font cmr10!
Missing character: There is no Ä in font cmr10!
Missing character: There is no ô in font cmr10!
Missing character: There is no ‚ in font cmr10!
Missing character: There is no Ä in font cmr10!
Missing character: There is no ô in font cmr10!
 [33 <./fis_kx10-eps-converted-to.pdf>]
Package epstopdf Info: Source file: <./fis_cociente.eps>
(epstopdf)                    date: 2019-05-25 11:38:06
(epstopdf)                    size: 209218 bytes
(epstopdf)             Output file: <./fis_cociente-eps-converted-to.pdf>
(epstopdf)                    date: 2019-05-25 11:38:06
(epstopdf)                    size: 13007 bytes
(epstopdf)             Command: <repstopdf --outfile=./fis_cociente-eps-convert
ed-to.pdf ./fis_cociente.eps>
(epstopdf)             \includegraphics on input line 988.
Package epstopdf Info: Output file is already uptodate.


pdfTeX warning: pdflatex (file ./fis_cociente-eps-converted-to.pdf): PDF inclus
ion: found PDF version <1.7>, but at most version <1.5> allowed
<./fis_cociente-eps-converted-to.pdf, id=446, 211.79124pt x 151.56625pt>
File: ./fis_cociente-eps-converted-to.pdf Graphic file (type pdf)

<use ./fis_cociente-eps-converted-to.pdf>
Package pdftex.def Info: ./fis_cociente-eps-converted-to.pdf used on input line
 988.
(pdftex.def)             Requested size: 272.99881pt x 195.37556pt.
Missing character: There is no ‚ in font cmr12!
Missing character: There is no Ä in font cmr12!
Missing character: There is no ì in font cmr12!

Underfull \hbox (badness 4967) in paragraph at lines 1049--1050
\OT1/cmr/m/n/12 i-fi-ca-tion Tech-niques. Cur-rent Ur-ban Stud-ies, 3, 119-134.
 doi:
 []

[34 <./fis_cociente-eps-converted-to.pdf>]
Underfull \hbox (badness 1442) in paragraph at lines 1082--1085
[]\OT1/cmr/m/n/12 Helbing, D., Farkas, I., and Vic-sek, T., 2000. "Sim-u-lat-in
g dy-
 []


Underfull \hbox (badness 3735) in paragraph at lines 1082--1085
\OT1/cmr/m/n/12 nam-i-cal fea-tures of es-cape panic." Na-ture 407.6803: 487-49
0.
 []


Underfull \hbox (badness 10000) in paragraph at lines 1087--1090
[]\OT1/cmr/m/n/12 Helbing, D., and Moln^^Sar, P., 1995. "So-cial force model
 []


Underfull \hbox (badness 8000) in paragraph at lines 1087--1090
\OT1/cmr/m/n/12 for pedes-trian dy-nam-ics." Phys-i-cal re-view E 51 (5), 4282.

 []


Underfull \hbox (badness 3954) in paragraph at lines 1097--1101
[]\OT1/cmr/m/n/12 Parisi, D. R., and Dorso, C. O., 2007. "Mor-pho-log-i-cal and

 []


Underfull \hbox (badness 7030) in paragraph at lines 1097--1101
\OT1/cmr/m/n/12 dy-nam-i-cal as-pects of the room evac-u-a-tion pro-cess." Phys
-ica
 []


Underfull \hbox (badness 1983) in paragraph at lines 1097--1101
\OT1/cmr/m/n/12 A: Sta-tis-ti-cal Me-chan-ics and its Ap-pli-ca-tions 385 (1), 
343-355.
 []

[35]
Missing character: There is no √ in font cmr12!
Missing character: There is no ≥ in font cmr12!

Underfull \hbox (badness 1275) in paragraph at lines 1138--1141
\OT1/cmr/m/n/12 u-lar dy-nam-ics." Jour-nal of com-pu-ta-tional physics 117 (1)
, 1-19.
 []


Underfull \hbox (badness 1292) in paragraph at lines 1149--1154
[]\OT1/cmr/m/n/12 Parisi, D. R., Gilman, M., and Moldovan, H., 2009. "A mod-
 []


Underfull \hbox (badness 5231) in paragraph at lines 1149--1154
\OT1/cmr/m/n/12 i-fi-ca-tion of the so-cial force model can re-pro-duce ex-per-
i-men-
 []


Underfull \hbox (badness 1953) in paragraph at lines 1149--1154
\OT1/cmr/m/n/12 tal data of pedes-trian flows in nor-mal con-di-tions." Phys-ic
a A:
 []


Underfull \hbox (badness 2608) in paragraph at lines 1149--1154
\OT1/cmr/m/n/12 Sta-tis-ti-cal Me-chan-ics and its Ap-pli-ca-tions 388 (17), 36
00-3608.
 []

[36]
Missing character: There is no ‚ in font cmr12!
Missing character: There is no Ä in font cmr12!
Missing character: There is no î in font cmr12!
Missing character: There is no ‚ in font cmr12!
Missing character: There is no Ä in font cmr12!
Missing character: There is no ô in font cmr12!

Underfull \hbox (badness 2856) in paragraph at lines 1194--1198
[]\OT1/cmr/m/n/12 Jeli^^Sc, Asja and Appert-Rolland, Ce-cile and Lemercier, Sam
uel
 []


Underfull \hbox (badness 1924) in paragraph at lines 1194--1198
\OT1/cmr/m/n/12 and Pet-tre, Julien, 2012. "Prop-er-ties of pedes-tri-ans walk-
ing in
 []


Underfull \hbox (badness 10000) in paragraph at lines 1200--1202
[]\OT1/cmr/m/n/12 Littlefield, D. 2008. Met-ric hand-book. Rout-ledge.
 []

[37]
Underfull \hbox (badness 3407) in paragraph at lines 1233--1237
[]\OT1/cmr/m/n/12 Lakoba, T. I., Kaup, D. J., and Finkel-stein, N. M., 2005.
 []


Underfull \hbox (badness 5726) in paragraph at lines 1233--1237
\OT1/cmr/m/n/12 "Mod-i-fi-ca-tions of the Helbing-Molnar-Farkas-Vicsek so-cial 
force
 []


Underfull \hbox (badness 6252) in paragraph at lines 1233--1237
\OT1/cmr/m/n/12 model for pedes-trian evo-lu-tion." Sim-u-la-tion 81 (5), 339-3
52.
 []

[38]
Underfull \hbox (badness 2020) in paragraph at lines 1268--1271
[]\OT1/cmr/m/n/12 Yu, W, and Jo-hans-son, A., 2007. "Mod-el-ing crowd tur-bu-le
nce
 []

Missing character: There is no ‚ in font cmr12!
Missing character: There is no Ä in font cmr12!
Missing character: There is no ò in font cmr12!
Missing character: There is no ‚ in font cmr12!
Missing character: There is no Ä in font cmr12!
Missing character: There is no ô in font cmr12!
Missing character: There is no ‚ in font cmr12!
Missing character: There is no Ä in font cmr12!
Missing character: There is no ô in font cmr12!
[39] (./paper.aux) ) 
Here is how much of TeX's memory you used:
 14969 strings out of 494850
 286097 string characters out of 6178024
 323586 words of memory out of 5000000
 17953 multiletter control sequences out of 15000+600000
 13521 words of font info for 51 fonts, out of 8000000 for 9000
 62 hyphenation exceptions out of 8191
 55i,10n,54p,1648b,395s stack positions out of 5000i,500n,10000p,200000b,80000s
</usr/share/texlive/texmf-dist/fonts/type1/public/amsfonts/
cm/cmbx12.pfb></usr/share/texlive/texmf-dist/fonts/type1/public/amsfonts/cm/cme
x10.pfb></usr/share/texlive/texmf-dist/fonts/type1/public/amsfonts/cm/cmmi10.pf
b></usr/share/texlive/texmf-dist/fonts/type1/public/amsfonts/cm/cmmi12.pfb></us
r/share/texlive/texmf-dist/fonts/type1/public/amsfonts/cm/cmmi5.pfb></usr/share
/texlive/texmf-dist/fonts/type1/public/amsfonts/cm/cmmi6.pfb></usr/share/texliv
e/texmf-dist/fonts/type1/public/amsfonts/cm/cmmi7.pfb></usr/share/texlive/texmf
-dist/fonts/type1/public/amsfonts/cm/cmmi8.pfb></usr/share/texlive/texmf-dist/f
onts/type1/public/amsfonts/cm/cmmi9.pfb></usr/share/texlive/texmf-dist/fonts/ty
pe1/public/amsfonts/cm/cmr10.pfb></usr/share/texlive/texmf-dist/fonts/type1/pub
lic/amsfonts/cm/cmr12.pfb></usr/share/texlive/texmf-dist/fonts/type1/public/ams
fonts/cm/cmr17.pfb></usr/share/texlive/texmf-dist/fonts/type1/public/amsfonts/c
m/cmr5.pfb></usr/share/texlive/texmf-dist/fonts/type1/public/amsfonts/cm/cmr6.p
fb></usr/share/texlive/texmf-dist/fonts/type1/public/amsfonts/cm/cmr7.pfb></usr
/share/texlive/texmf-dist/fonts/type1/public/amsfonts/cm/cmr8.pfb></usr/share/t
exlive/texmf-dist/fonts/type1/public/amsfonts/cm/cmr9.pfb></usr/share/texlive/t
exmf-dist/fonts/type1/public/amsfonts/cm/cmsy10.pfb></usr/share/texlive/texmf-d
ist/fonts/type1/public/amsfonts/cm/cmsy5.pfb></usr/share/texlive/texmf-dist/fon
ts/type1/public/amsfonts/cm/cmsy6.pfb></usr/share/texlive/texmf-dist/fonts/type
1/public/amsfonts/cm/cmsy7.pfb></usr/share/texlive/texmf-dist/fonts/type1/publi
c/amsfonts/cm/cmsy8.pfb></usr/share/texlive/texmf-dist/fonts/type1/public/amsfo
nts/cm/cmsy9.pfb></usr/share/texlive/texmf-dist/fonts/type1/public/amsfonts/cm/
cmti10.pfb></usr/share/texlive/texmf-dist/fonts/type1/public/amsfonts/cm/cmti12
.pfb></usr/share/texlive/texmf-dist/fonts/type1/public/amsfonts/symbols/msam10.
pfb></usr/share/texlive/texmf-dist/fonts/type1/urw/ncntrsbk/uncr8a.pfb>
Output written on paper.pdf (39 pages, 622725 bytes).
PDF statistics:
 545 PDF objects out of 1000 (max. 8388607)
 449 compressed objects within 5 object streams
 0 named destinations out of 1000 (max. 500000)
 113 words of extra memory for PDF output out of 10000 (max. 10000000)

